<?xml version="1.0" encoding="UTF-8"?>
<!-- Generated by org.testng.reporters.JUnitXMLReporter -->
<testsuite hostname="qainfotech-Latitude-3490" ignored="0" name="Default test" tests="9" failures="0" timestamp="2020-04-28T15:24:14 IST" time="29.08" errors="0">
  <testcase name="getByName" time="4.337" classname="com.qait.test.GetByName"/>
  <testcase name="divideInteger" time="2.383" classname="com.qait.test.DivideInteger"/>
  <testcase name="lookUpCity" time="3.231" classname="com.qait.test.LookUpCity"/>
  <testcase name="mission" time="2.867" classname="com.qait.test.Mission"/>
  <testcase name="queryByName" time="2.863" classname="com.qait.test.QueryByName"/>
  <testcase name="getDataSetByName" time="3.476" classname="com.qait.test.GetDataSetByName"/>
  <testcase name="findPersonById" time="3.475" classname="com.qait.test.FindPersonById"/>
  <testcase name="addInteger" time="3.282" classname="com.qait.test.AddInteger"/>
  <testcase name="getListByName" time="3.087" classname="com.qait.test.GetListByName"/>
</testsuite> <!-- Default test -->
